  main.cpp
  MyGame.cpp
G:\Kingston University\1st Year\Term 2\Games Programming\3D using GTEC\Coursework Game\game\MyGame.cpp(96,34): warning C4244: 'argument': conversion from 'int' to 'float', possible loss of data
G:\Kingston University\1st Year\Term 2\Games Programming\3D using GTEC\Coursework Game\game\MyGame.cpp(97,83): warning C4244: 'argument': conversion from 'int' to 'float', possible loss of data
G:\Kingston University\1st Year\Term 2\Games Programming\3D using GTEC\Coursework Game\game\MyGame.cpp(97,58): warning C4244: 'argument': conversion from 'int' to 'float', possible loss of data
G:\Kingston University\1st Year\Term 2\Games Programming\3D using GTEC\Coursework Game\game\MyGame.cpp(97,33): warning C4244: 'argument': conversion from 'int' to 'float', possible loss of data
G:\Kingston University\1st Year\Term 2\Games Programming\3D using GTEC\Coursework Game\game\MyGame.cpp(98,65): warning C4244: 'argument': conversion from 'int' to 'float', possible loss of data
G:\Kingston University\1st Year\Term 2\Games Programming\3D using GTEC\Coursework Game\game\MyGame.cpp(98,46): warning C4244: 'argument': conversion from 'int' to 'float', possible loss of data
G:\Kingston University\1st Year\Term 2\Games Programming\3D using GTEC\Coursework Game\game\MyGame.cpp(98,27): warning C4244: 'argument': conversion from 'int' to 'float', possible loss of data
G:\Kingston University\1st Year\Term 2\Games Programming\3D using GTEC\Coursework Game\game\MyGame.cpp(103,47): warning C4244: 'argument': conversion from 'int' to 'float', possible loss of data
G:\Kingston University\1st Year\Term 2\Games Programming\3D using GTEC\Coursework Game\game\MyGame.cpp(103,28): warning C4244: 'argument': conversion from 'int' to 'float', possible loss of data
G:\Kingston University\1st Year\Term 2\Games Programming\3D using GTEC\Coursework Game\game\MyGame.cpp(105,77): warning C4244: 'argument': conversion from 'int' to 'float', possible loss of data
G:\Kingston University\1st Year\Term 2\Games Programming\3D using GTEC\Coursework Game\game\MyGame.cpp(105,53): warning C4244: 'argument': conversion from 'int' to 'float', possible loss of data
G:\Kingston University\1st Year\Term 2\Games Programming\3D using GTEC\Coursework Game\game\MyGame.cpp(105,29): warning C4244: 'argument': conversion from 'int' to 'float', possible loss of data
G:\Kingston University\1st Year\Term 2\Games Programming\3D using GTEC\Coursework Game\game\MyGame.cpp(115,51): warning C4244: 'argument': conversion from 'int' to 'float', possible loss of data
G:\Kingston University\1st Year\Term 2\Games Programming\3D using GTEC\Coursework Game\game\MyGame.cpp(115,32): warning C4244: 'argument': conversion from 'int' to 'float', possible loss of data
G:\Kingston University\1st Year\Term 2\Games Programming\3D using GTEC\Coursework Game\game\MyGame.cpp(117,81): warning C4244: 'argument': conversion from 'int' to 'float', possible loss of data
G:\Kingston University\1st Year\Term 2\Games Programming\3D using GTEC\Coursework Game\game\MyGame.cpp(117,57): warning C4244: 'argument': conversion from 'int' to 'float', possible loss of data
G:\Kingston University\1st Year\Term 2\Games Programming\3D using GTEC\Coursework Game\game\MyGame.cpp(117,33): warning C4244: 'argument': conversion from 'int' to 'float', possible loss of data
G:\Kingston University\1st Year\Term 2\Games Programming\3D using GTEC\Coursework Game\game\MyGame.cpp(752,35): warning C4244: 'argument': conversion from 'double' to 'float', possible loss of data
G:\Kingston University\1st Year\Term 2\Games Programming\3D using GTEC\Coursework Game\game\MyGame.cpp(752,24): warning C4244: 'argument': conversion from 'double' to 'float', possible loss of data
  stdafx.cpp
  Generating Code...
MSVCRTD.lib(initializers.obj) : warning LNK4098: defaultlib 'msvcrt.lib' conflicts with use of other libs; use /NODEFAULTLIB:library
  game.vcxproj -> G:\Kingston University\1st Year\Term 2\Games Programming\3D using GTEC\Coursework Game\Debug\GTECgame.exe
